2025-10-29 13:40:44,507 - __main__ - INFO - Loading configuration from: config/lp_wn18rr.yaml
2025-10-29 13:40:44,508 - __main__ - INFO - Loading dataset...
2025-10-29 13:40:44,569 - __main__ - INFO - Generating graph data...
2025-10-29 13:40:44,573 - __main__ - INFO - Graph data created with 40943 nodes
2025-10-29 13:40:44,573 - __main__ - INFO - Number of edges: 86835
2025-10-29 13:40:44,576 - __main__ - INFO - Number of relation types: 11
2025-10-29 13:40:44,576 - __main__ - INFO - Dataset loading completed successfully!
2025-10-29 13:40:54,874 - __main__ - INFO - Loading configuration from: config/lp_wn18rr.yaml
2025-10-29 13:40:54,874 - __main__ - INFO - Loading dataset...
2025-10-29 13:40:54,927 - __main__ - INFO - Generating graph data...
2025-10-29 13:40:54,928 - __main__ - INFO - Graph data created with 40943 nodes
2025-10-29 13:40:54,928 - __main__ - INFO - Number of edges: 86835
2025-10-29 13:40:54,928 - __main__ - INFO - Number of relation types: 11
2025-10-29 13:40:54,928 - __main__ - INFO - Dataset loading completed successfully!
2025-10-29 13:41:06,736 - __main__ - INFO - Loading configuration from: config/lp_fb15k237.yaml
2025-10-29 13:41:06,737 - __main__ - INFO - Loading dataset...
2025-10-29 13:41:06,908 - __main__ - INFO - Generating graph data...
2025-10-29 13:41:06,910 - __main__ - INFO - Graph data created with 14541 nodes
2025-10-29 13:41:06,910 - __main__ - INFO - Number of edges: 272115
2025-10-29 13:41:06,910 - __main__ - INFO - Number of relation types: 237
2025-10-29 13:41:06,910 - __main__ - INFO - Dataset loading completed successfully!
